-------------------------------------------------------------------------------
Test set: techmahindra.pruebatecnica.RunnerFeatures
-------------------------------------------------------------------------------
Tests run: 2, Failures: 1, Errors: 0, Skipped: 0, Time elapsed: 36.799 sec <<< FAILURE! - in techmahindra.pruebatecnica.RunnerFeatures
verificar viaje #1(Listar ofertas de viaje)  Time elapsed: 16.646 sec  <<< FAILURE!
java.lang.AssertionError: 

Expected: is <270700>
     but: was <636522>

