<?xml version="1.0" encoding="UTF-8"?>
<testsuite xmlns:xsi="http://www.w3.org/2001/XMLSchema-instance" xsi:schemaLocation="https://maven.apache.org/surefire/maven-surefire-plugin/xsd/surefire-test-report.xsd" name="techmahindra.pruebatecnica.RunnerFeatures" time="25.983" tests="2" errors="0" skipped="0" failures="1">
  <properties>
[...]
</properties>
  <testcase name="verificar viaje #1" classname="Listar ofertas de viaje" time="11.605">
    <failure message="&#10;Expected: is &lt;270700&gt;&#10;     but: was &lt;636522&gt;" type="java.lang.AssertionError"><![CDATA[java.lang.AssertionError: 

Expected: is <270700>
     but: was <636522>
]]></failure>
    <system-out><![CDATA[|-- 1: verificar viaje ({origen='Bogotá', destino='Santa Marta', fecha='24,Diciembre,2021'})
|---- Given Ingreso a la web de vivaair
|------ Abrir url viva air
|---- When Selecciono solo ida
|------ Seleccionar solo ida
|---- And Ingreso el origen 'Bogotá'
|------ Seleccionar origen: Bogotá
|---- And Ingreso el destino 'Santa Marta'
|------ Seleccionar destino: Santa Marta
|---- And Ingreso la fecha de ida '24,Diciembre,2021'
|------ Seleccionar fecha: 24,Diciembre,2021
|---- And Busco vuelos disponibles
|------ Buscar vuelos
|---- Then Valido orden de los precios de menor a mayor
|------ Validar orden precios
]]></system-out>
    <system-err><![CDATA[[main] INFO  - 

-------------------------------------------------------------------------------------
     _______. _______ .______       _______ .__   __.  __  .___________.____    ____ 
    /       ||   ____||   _  \     |   ____||  \ |  | |  | |           |\   \  /   / 
   |   (----`|  |__   |  |_)  |    |  |__   |   \|  | |  | `---|  |----` \   \/   /  
    \   \    |   __|  |      /     |   __|  |  . `  | |  |     |  |       \_    _/   
.----)   |   |  |____ |  |\  \----.|  |____ |  |\   | |  |     |  |         |  |     
|_______/    |_______|| _| `._____||_______||__| \__| |__|     |__|         |__|    
                                                                                     
 News and tutorials at http://www.serenity-bdd.info                                  
 Documentation at https://wakaleo.gitbooks.io/the-serenity-book/content/             
 Join the Serenity Community on Gitter: https://gitter.im/serenity-bdd/serenity-core 
 Serenity BDD Support and Training at http://serenity-bdd.info/#/trainingandsupport  
-------------------------------------------------------------------------------------

[main] INFO  - Test Suite Started: Listar ofertas de viaje
[main] INFO  - 
  _____   ___   ___   _____     ___   _____     _     ___   _____   ___   ___  
 |_   _| | __| / __| |_   _|   / __| |_   _|   /_\   | _ \ |_   _| | __| |   \ 
   | |   | _|  \__ \   | |     \__ \   | |    / _ \  |   /   | |   | _|  | |) |
   |_|   |___| |___/   |_|     |___/   |_|   /_/ \_\ |_|_\   |_|   |___| |___/ 

verificar viaje(listar-ofertas-de-viaje;verificar-viaje)
--------------------------------------------------------------------------------
[main] INFO net.serenitybdd.core.webdriver.driverproviders.ChromeDriverProvider - Using automatically driver download
[main] INFO io.github.bonigarcia.wdm.WebDriverManager - Using chromedriver 96.0.4664.45 (resolved driver for Chrome 96)
[main] INFO io.github.bonigarcia.wdm.WebDriverManager - Exporting webdriver.chrome.driver as C:\Users\ASUS Laptop\.cache\selenium\chromedriver\win32\96.0.4664.45\chromedriver.exe
[main] INFO net.serenitybdd.core.webdriver.driverproviders.ProvideNewDriver - Instantiating driver
[main] INFO net.serenitybdd.core.webdriver.driverproviders.ProvideNewDriver - Driver capabilities: Capabilities {acceptInsecureCerts: false, browserName: chrome, chrome.driver: src/test/resources/driversc..., driver: chrome, goog:chromeOptions: {args: [--start-maximized], extensions: []}, loggingPrefs: org.openqa.selenium.logging...}
Starting ChromeDriver 96.0.4664.45 (76e4c1bb2ab4671b8beba3444e61c0f17584b2fc-refs/branch-heads/4664@{#947}) on port 9396
Only local connections are allowed.
Please see https://chromedriver.chromium.org/security-considerations for suggestions on keeping ChromeDriver safe.
ChromeDriver was started successfully.
dic. 15, 2021 5:53:24 P. M. org.openqa.selenium.remote.ProtocolHandshake createSession
INFO: Detected dialect: W3C
[main] INFO  - STEP FAILURE: java.lang.AssertionError: 
Expected: is <270700>
     but: was <636522>
]]></system-err>
  </testcase>
  <testcase name="verificar viaje #2" classname="Listar ofertas de viaje" time="9.576"/>
</testsuite>